<?xml version="1.0" encoding="UTF-8"?>
<testsuite xmlns:xsi="http://www.w3.org/2001/XMLSchema-instance" xsi:noNamespaceSchemaLocation="https://maven.apache.org/surefire/maven-surefire-plugin/xsd/surefire-test-report-3.0.xsd" version="3.0" name="com.processeng.distill.ApiIntegrationTest" time="2.976" tests="9" errors="0" skipped="0" failures="0">
  <properties>
[...]
</properties>
  <testcase name="nonPositiveFeedRate_is400" classname="com.processeng.distill.ApiIntegrationTest" time="0.87">
    <system-out><![CDATA[10:37:34.591 [main] INFO org.springframework.test.context.support.AnnotationConfigContextLoaderUtils -- Could not detect default configuration classes for test class [com.processeng.distill.ApiIntegrationTest]: ApiIntegrationTest does not declare any static, non-private, non-final, nested classes annotated with @Configuration.
10:37:34.687 [main] INFO org.springframework.boot.test.context.SpringBootTestContextBootstrapper -- Found @SpringBootConfiguration com.processeng.distill.DistillationApplication for test class com.processeng.distill.ApiIntegrationTest

  .   ____          _            __ _ _
 /\\ / ___'_ __ _ _(_)_ __  __ _ \ \ \ \
( ( )\___ | '_ | '_| | '_ \/ _` | \ \ \ \
 \\/  ___)| |_)| | | | | || (_| |  ) ) ) )
  '  |____| .__|_| |_|_| |_\__, | / / / /
 =========|_|==============|___/=/_/_/_/

 :: Spring Boot ::                (v3.3.5)

2026-09-24T10:37:35.424Z  INFO 8172 --- [distillation-shortcut-service] [           main] c.processeng.distill.ApiIntegrationTest  : Starting ApiIntegrationTest using Java 17.0.20.1 with PID 8172 (started by node in /workspace)
2026-09-24T10:37:35.426Z  INFO 8172 --- [distillation-shortcut-service] [           main] c.processeng.distill.ApiIntegrationTest  : No active profile set, falling back to 1 default profile: "default"
2026-09-24T10:37:36.183Z  INFO 8172 --- [distillation-shortcut-service] [           main] o.s.b.w.embedded.tomcat.TomcatWebServer  : Tomcat initialized with port 0 (http)
2026-09-24T10:37:36.201Z  INFO 8172 --- [distillation-shortcut-service] [           main] o.apache.catalina.core.StandardService   : Starting service [Tomcat]
2026-09-24T10:37:36.202Z  INFO 8172 --- [distillation-shortcut-service] [           main] o.apache.catalina.core.StandardEngine    : Starting Servlet engine: [Apache Tomcat/10.1.31]
2026-09-24T10:37:36.255Z  INFO 8172 --- [distillation-shortcut-service] [           main] o.a.c.c.C.[Tomcat].[localhost].[/]       : Initializing Spring embedded WebApplicationContext
2026-09-24T10:37:36.256Z  INFO 8172 --- [distillation-shortcut-service] [           main] w.s.c.ServletWebServerApplicationContext : Root WebApplicationContext: initialization completed in 807 ms
2026-09-24T10:37:36.533Z  INFO 8172 --- [distillation-shortcut-service] [           main] o.s.b.w.embedded.tomcat.TomcatWebServer  : Tomcat started on port 37843 (http) with context path '/'
2026-09-24T10:37:36.539Z  INFO 8172 --- [distillation-shortcut-service] [           main] c.processeng.distill.ApiIntegrationTest  : Started ApiIntegrationTest in 1.528 seconds (process running for 2.542)
2026-09-24T10:37:37.283Z  INFO 8172 --- [distillation-shortcut-service] [o-auto-1-exec-1] o.a.c.c.C.[Tomcat].[localhost].[/]       : Initializing Spring DispatcherServlet 'dispatcherServlet'
2026-09-24T10:37:37.283Z  INFO 8172 --- [distillation-shortcut-service] [o-auto-1-exec-1] o.s.web.servlet.DispatcherServlet        : Initializing Servlet 'dispatcherServlet'
2026-09-24T10:37:37.284Z  INFO 8172 --- [distillation-shortcut-service] [o-auto-1-exec-1] o.s.web.servlet.DispatcherServlet        : Completed initialization in 1 ms
]]></system-out>
  </testcase>
  <testcase name="refluxBelowMinimum_is422AndNeverRunsStages" classname="com.processeng.distill.ApiIntegrationTest" time="0.009"/>
  <testcase name="nearTotalReflux_stageCountHugsFenske" classname="com.processeng.distill.ApiIntegrationTest" time="0.012"/>
  <testcase name="malformedJson_is400" classname="com.processeng.distill.ApiIntegrationTest" time="0.006"/>
  <testcase name="volatilityBelowOne_is422CannotSeparate" classname="com.processeng.distill.ApiIntegrationTest" time="0.003"/>
  <testcase name="compositionOutOfRange_is400ValidationError" classname="com.processeng.distill.ApiIntegrationTest" time="0.005"/>
  <testcase name="nonPositiveVolatility_is400" classname="com.processeng.distill.ApiIntegrationTest" time="0.003"/>
  <testcase name="compositionOrderReversed_is422" classname="com.processeng.distill.ApiIntegrationTest" time="0.003"/>
  <testcase name="validRequest_returnsAllThreeResultsAndClosedBalance" classname="com.processeng.distill.ApiIntegrationTest" time="0.005"/>
</testsuite>